<?xml version="1.0" encoding="utf-8"?><testsuites name="pytest tests"><testsuite name="pytest" errors="0" failures="0" skipped="0" tests="27" time="3.753" timestamp="2026-02-10T13:26:46.920819+00:00" hostname="agent-env-601db92c-7609-49d4-af44-503607d1c807"><testcase classname="backend.tests.test_hunting_trip_logger.TestHuntingTripLoggerInfo" name="test_trip_logger_info_endpoint" time="0.099" /><testcase classname="backend.tests.test_hunting_trip_logger.TestAuthAndLogin" name="test_login_success" time="0.290" /><testcase classname="backend.tests.test_hunting_trip_logger.TestTripCRUD" name="test_create_trip" time="0.341" /><testcase classname="backend.tests.test_hunting_trip_logger.TestTripCRUD" name="test_list_trips" time="0.048" /><testcase classname="backend.tests.test_hunting_trip_logger.TestTripCRUD" name="test_list_trips_with_status_filter" time="0.055" /><testcase classname="backend.tests.test_hunting_trip_logger.TestTripCRUD" name="test_get_active_trip_none" time="0.049" /><testcase classname="backend.tests.test_hunting_trip_logger.TestTripCRUD" name="test_start_trip" time="0.096" /><testcase classname="backend.tests.test_hunting_trip_logger.TestTripCRUD" name="test_get_active_trip_after_start" time="0.045" /><testcase classname="backend.tests.test_hunting_trip_logger.TestTripCRUD" name="test_get_trip_details" time="0.040" /><testcase classname="backend.tests.test_hunting_trip_logger.TestObservations" name="test_log_observation_sighting" time="0.381" /><testcase classname="backend.tests.test_hunting_trip_logger.TestObservations" name="test_log_observation_tracks" time="0.048" /><testcase classname="backend.tests.test_hunting_trip_logger.TestObservations" name="test_list_observations" time="0.044" /><testcase classname="backend.tests.test_hunting_trip_logger.TestWaypointVisits" name="test_log_waypoint_visit" time="0.353" /><testcase classname="backend.tests.test_hunting_trip_logger.TestWaypointVisits" name="test_list_visits" time="0.048" /><testcase classname="backend.tests.test_hunting_trip_logger.TestTripEndAndStatistics" name="test_end_trip" time="0.361" /><testcase classname="backend.tests.test_hunting_trip_logger.TestTripEndAndStatistics" name="test_get_user_statistics" time="0.043" /><testcase classname="backend.tests.test_hunting_trip_logger.TestTripEndAndStatistics" name="test_get_waypoint_statistics" time="0.043" /><testcase classname="backend.tests.test_hunting_trip_logger.TestDataSyncToAnalytics" name="test_completed_trip_syncs_to_analytics" time="0.405" /><testcase classname="backend.tests.test_hunting_trip_logger.TestPasswordResetFlow" name="test_forgot_password_endpoint" time="0.038" /><testcase classname="backend.tests.test_hunting_trip_logger.TestPasswordResetFlow" name="test_forgot_password_nonexistent_email" time="0.038" /><testcase classname="backend.tests.test_hunting_trip_logger.TestPasswordResetFlow" name="test_verify_reset_token_invalid" time="0.046" /><testcase classname="backend.tests.test_hunting_trip_logger.TestPasswordResetFlow" name="test_reset_password_invalid_token" time="0.043" /><testcase classname="backend.tests.test_hunting_trip_logger.TestPasswordResetFlow" name="test_reset_password_short_password" time="0.044" /><testcase classname="backend.tests.test_hunting_trip_logger.TestFullTripWorkflow" name="test_full_workflow" time="0.489" /><testcase classname="backend.tests.test_hunting_trip_logger.TestFallbackAuth" name="test_trip_info_without_auth" time="0.039" /><testcase classname="backend.tests.test_hunting_trip_logger.TestFallbackAuth" name="test_create_trip_without_auth" time="0.057" /><testcase classname="backend.tests.test_hunting_trip_logger.TestFallbackAuth" name="test_statistics_without_auth" time="0.045" /></testsuite></testsuites>