<?xml version="1.0" encoding="utf-8"?><testsuites name="pytest tests"><testsuite name="pytest" errors="0" failures="2" skipped="0" tests="27" time="1.949" timestamp="2026-02-10T20:29:09.924392+00:00" hostname="agent-env-75afe110-4152-49af-837a-cb0b71d88208"><testcase classname="backend.tests.test_geo_engine_v3.TestGeoEngineModuleInfo" name="test_module_info" time="0.083" /><testcase classname="backend.tests.test_geo_engine_v3.TestGeoEntityCRUD" name="test_create_entity_waypoint" time="0.042" /><testcase classname="backend.tests.test_geo_engine_v3.TestGeoEntityCRUD" name="test_create_entity_hotspot" time="0.045"><failure message="KeyError: 'is_premium'">backend/tests/test_geo_engine_v3.py:120: in test_create_entity_hotspot
    assert data["metadata"]["is_premium"] == True
           ^^^^^^^^^^^^^^^^^^^^^^^^^^^^^^
E   KeyError: 'is_premium'</failure></testcase><testcase classname="backend.tests.test_geo_engine_v3.TestGeoEntityCRUD" name="test_create_entity_zone" time="0.055" /><testcase classname="backend.tests.test_geo_engine_v3.TestGeoEntityCRUD" name="test_list_entities" time="0.049" /><testcase classname="backend.tests.test_geo_engine_v3.TestGeoEntityCRUD" name="test_list_entities_by_type" time="0.045" /><testcase classname="backend.tests.test_geo_engine_v3.TestGeoEntityCRUD" name="test_get_entity_by_id" time="0.045" /><testcase classname="backend.tests.test_geo_engine_v3.TestGeoEntityCRUD" name="test_update_entity" time="0.118" /><testcase classname="backend.tests.test_geo_engine_v3.TestSpatialQueries" name="test_nearby_search" time="0.048" /><testcase classname="backend.tests.test_geo_engine_v3.TestSpatialQueries" name="test_nearby_search_with_type_filter" time="0.040" /><testcase classname="backend.tests.test_geo_engine_v3.TestSpatialQueries" name="test_within_bbox" time="0.042" /><testcase classname="backend.tests.test_geo_engine_v3.TestSpatialQueries" name="test_clusters" time="0.043" /><testcase classname="backend.tests.test_geo_engine_v3.TestHuntingGroups" name="test_create_group" time="0.040" /><testcase classname="backend.tests.test_geo_engine_v3.TestHuntingGroups" name="test_list_groups" time="0.040" /><testcase classname="backend.tests.test_geo_engine_v3.TestHuntingGroups" name="test_add_group_member" time="0.038" /><testcase classname="backend.tests.test_geo_engine_v3.TestHuntingGroups" name="test_remove_group_member" time="0.038" /><testcase classname="backend.tests.test_geo_engine_v3.TestHotspotGeneration" name="test_generate_hotspots" time="0.042" /><testcase classname="backend.tests.test_geo_engine_v3.TestGeoStats" name="test_get_stats" time="0.039" /><testcase classname="backend.tests.test_geo_engine_v3.TestAdminGeoEndpoints" name="test_admin_analytics_overview" time="0.040" /><testcase classname="backend.tests.test_geo_engine_v3.TestAdminGeoEndpoints" name="test_admin_all_entities" time="0.040" /><testcase classname="backend.tests.test_geo_engine_v3.TestAdminGeoEndpoints" name="test_admin_all_entities_filtered" time="0.038" /><testcase classname="backend.tests.test_geo_engine_v3.TestAdminGeoEndpoints" name="test_admin_hotspots" time="0.040" /><testcase classname="backend.tests.test_geo_engine_v3.TestAdminGeoEndpoints" name="test_admin_monetization_available_hotspots" time="0.035"><failure message="AssertionError: assert 'summary' in {'available_hotspots': [{'confidence': 0.737, 'density': 0.75, 'estimated_value': 52.57, 'habitat': 'edge', ...}, {'confidence': 0.732, 'density': 0.48, 'estimated_value': 42.38, 'habitat': 'ridge', ...}, {'confidence': 0.726, 'density': 0.62, 'estimated_value': 47.32, 'habitat': 'edge', ...}, {'confidence': 0.711, 'density': 0.29, 'estimated_value': 34.76, 'habitat': 'forest_deciduous', ...}], 'total_available': 4}">backend/tests/test_geo_engine_v3.py:515: in test_admin_monetization_available_hotspots
    assert "summary" in data
E   AssertionError: assert 'summary' in {'available_hotspots': [{'confidence': 0.737, 'density': 0.75, 'estimated_value': 52.57, 'habitat': 'edge', ...}, {'confidence': 0.732, 'density': 0.48, 'estimated_value': 42.38, 'habitat': 'ridge', ...}, {'confidence': 0.726, 'density': 0.62, 'estimated_value': 47.32, 'habitat': 'edge', ...}, {'confidence': 0.711, 'density': 0.29, 'estimated_value': 34.76, 'habitat': 'forest_deciduous', ...}], 'total_available': 4}</failure></testcase><testcase classname="backend.tests.test_geo_engine_v3.TestWebSocketSyncStatus" name="test_sync_status" time="0.039" /><testcase classname="backend.tests.test_geo_engine_v3.TestWebSocketSyncStatus" name="test_list_active_groups" time="0.477" /><testcase classname="backend.tests.test_geo_engine_v3.TestMigration" name="test_migration_from_territory_waypoints" time="0.045" /><testcase classname="backend.tests.test_geo_engine_v3.TestCleanup" name="test_cleanup_test_entities" time="0.157" /></testsuite></testsuites>