<?xml version="1.0" encoding="utf-8"?><testsuites name="pytest tests"><testsuite name="pytest" errors="0" failures="0" skipped="0" tests="30" time="2.443" timestamp="2026-02-11T04:30:15.771054+00:00" hostname="agent-env-e2fbd1ee-3237-435c-b78d-0fcb0fc311b9"><testcase classname="tests.test_admin_security_p0_p1.TestAdminSecurityP0" name="test_admin_endpoint_returns_401_without_auth[GET-/api/admin/geo/all]" time="0.058" /><testcase classname="tests.test_admin_security_p0_p1.TestAdminSecurityP0" name="test_admin_endpoint_returns_401_without_auth[GET-/api/admin/geo/hotspots]" time="0.033" /><testcase classname="tests.test_admin_security_p0_p1.TestAdminSecurityP0" name="test_admin_endpoint_returns_401_without_auth[GET-/api/admin/geo/corridors]" time="0.031" /><testcase classname="tests.test_admin_security_p0_p1.TestAdminSecurityP0" name="test_admin_endpoint_returns_401_without_auth[GET-/api/admin/geo/analytics/overview]" time="0.036" /><testcase classname="tests.test_admin_security_p0_p1.TestAdminSecurityP0" name="test_admin_endpoint_returns_401_without_auth[GET-/api/admin/geo/analytics/heatmap]" time="0.038" /><testcase classname="tests.test_admin_security_p0_p1.TestAdminSecurityP0" name="test_admin_endpoint_returns_401_without_auth[GET-/api/admin/geo/monetization/available-hotspots]" time="0.075" /><testcase classname="tests.test_admin_security_p0_p1.TestAdminSecurityP0" name="test_admin_endpoint_returns_401_without_auth[GET-/api/admin/geo/export/geojson]" time="0.076" /><testcase classname="tests.test_admin_security_p0_p1.TestAdminSecurityP0" name="test_admin_endpoint_returns_401_without_auth[GET-/api/admin/geo/]" time="0.032" /><testcase classname="tests.test_admin_security_p0_p1.TestAdminSecurityP0" name="test_admin_endpoint_returns_403_for_hunter[GET-/api/admin/geo/all]" time="0.354" /><testcase classname="tests.test_admin_security_p0_p1.TestAdminSecurityP0" name="test_admin_endpoint_returns_403_for_hunter[GET-/api/admin/geo/hotspots]" time="0.037" /><testcase classname="tests.test_admin_security_p0_p1.TestAdminSecurityP0" name="test_admin_endpoint_returns_403_for_hunter[GET-/api/admin/geo/corridors]" time="0.031" /><testcase classname="tests.test_admin_security_p0_p1.TestAdminSecurityP0" name="test_admin_endpoint_returns_403_for_hunter[GET-/api/admin/geo/analytics/overview]" time="0.037" /><testcase classname="tests.test_admin_security_p0_p1.TestAdminSecurityP0" name="test_admin_endpoint_returns_403_for_hunter[GET-/api/admin/geo/analytics/heatmap]" time="0.035" /><testcase classname="tests.test_admin_security_p0_p1.TestAdminSecurityP0" name="test_admin_endpoint_returns_403_for_hunter[GET-/api/admin/geo/monetization/available-hotspots]" time="0.034" /><testcase classname="tests.test_admin_security_p0_p1.TestAdminSecurityP0" name="test_admin_endpoint_returns_403_for_hunter[GET-/api/admin/geo/export/geojson]" time="0.072" /><testcase classname="tests.test_admin_security_p0_p1.TestAdminSecurityP0" name="test_admin_endpoint_returns_403_for_hunter[GET-/api/admin/geo/]" time="0.040" /><testcase classname="tests.test_admin_security_p0_p1.TestAdminSecurityP0" name="test_admin_geo_all_works_for_admin" time="0.293" /><testcase classname="tests.test_admin_security_p0_p1.TestAdminSecurityP0" name="test_admin_geo_hotspots_works_for_admin" time="0.035" /><testcase classname="tests.test_admin_security_p0_p1.TestAdminSecurityP0" name="test_admin_geo_analytics_overview_works_for_admin" time="0.075" /><testcase classname="tests.test_admin_security_p0_p1.TestAdminSecurityP0" name="test_admin_geo_corridors_works_for_admin" time="0.035" /><testcase classname="tests.test_admin_security_p0_p1.TestAdminSecurityP0" name="test_admin_geo_module_info_works_for_admin" time="0.035" /><testcase classname="tests.test_admin_security_p0_p1.TestLegacyRouteRemovalP1" name="test_legacy_route_returns_404[GET-/api/user-data/waypoints]" time="0.290" /><testcase classname="tests.test_admin_security_p0_p1.TestLegacyRouteRemovalP1" name="test_legacy_route_returns_404[GET-/api/user/waypoints]" time="0.040" /><testcase classname="tests.test_admin_security_p0_p1.TestLegacyRouteRemovalP1" name="test_legacy_route_returns_404[POST-/api/user-data/waypoints]" time="0.035" /><testcase classname="tests.test_admin_security_p0_p1.TestLegacyRouteRemovalP1" name="test_legacy_route_returns_404[POST-/api/user/waypoints]" time="0.037" /><testcase classname="tests.test_admin_security_p0_p1.TestBackendStartup" name="test_api_root_health" time="0.031" /><testcase classname="tests.test_admin_security_p0_p1.TestBackendStartup" name="test_modules_status" time="0.034" /><testcase classname="tests.test_admin_security_p0_p1.TestAdminHotspotsTab" name="test_hotspots_endpoint_returns_all_categories" time="0.291" /><testcase classname="tests.test_admin_security_p0_p1.TestAdminHotspotsTab" name="test_hotspots_filter_by_category" time="0.102" /><testcase classname="tests.test_admin_security_p0_p1.TestAdminHotspotsTab" name="test_hotspots_filter_by_user" time="0.033" /></testsuite></testsuites>