<?xml version="1.0" encoding="utf-8"?><testsuites name="pytest tests"><testsuite name="pytest" errors="0" failures="0" skipped="0" tests="19" time="0.998" timestamp="2026-02-09T22:04:55.237751+00:00" hostname="agent-env-5de2a9d9-9e97-4516-98f8-dadb1f1f7069"><testcase classname="backend.tests.test_legal_time_predictive_apis.TestLegalTimeEngineInfo" name="test_legal_time_info" time="0.068" /><testcase classname="backend.tests.test_legal_time_predictive_apis.TestLegalTimeEngineSunTimes" name="test_sun_times_default" time="0.039" /><testcase classname="backend.tests.test_legal_time_predictive_apis.TestLegalTimeEngineSunTimes" name="test_sun_times_with_date" time="0.053" /><testcase classname="backend.tests.test_legal_time_predictive_apis.TestLegalTimeEngineSunTimes" name="test_sun_times_invalid_date" time="0.040" /><testcase classname="backend.tests.test_legal_time_predictive_apis.TestLegalTimeEngineLegalWindow" name="test_legal_window_default" time="0.038" /><testcase classname="backend.tests.test_legal_time_predictive_apis.TestLegalTimeEngineLegalWindow" name="test_legal_window_30min_rule" time="0.046" /><testcase classname="backend.tests.test_legal_time_predictive_apis.TestLegalTimeEngineCheck" name="test_check_legal_now" time="0.040" /><testcase classname="backend.tests.test_legal_time_predictive_apis.TestLegalTimeEngineRecommendedSlots" name="test_recommended_slots" time="0.041" /><testcase classname="backend.tests.test_legal_time_predictive_apis.TestLegalTimeEngineSchedule" name="test_daily_schedule" time="0.040" /><testcase classname="backend.tests.test_legal_time_predictive_apis.TestLegalTimeEngineForecast" name="test_forecast_7_days" time="0.040" /><testcase classname="backend.tests.test_legal_time_predictive_apis.TestLegalTimeEngineForecast" name="test_forecast_max_days" time="0.040" /><testcase classname="backend.tests.test_legal_time_predictive_apis.TestPredictiveEngineInfo" name="test_predictive_info" time="0.040" /><testcase classname="backend.tests.test_legal_time_predictive_apis.TestPredictiveEngineSuccess" name="test_predict_success_deer" time="0.038" /><testcase classname="backend.tests.test_legal_time_predictive_apis.TestPredictiveEngineSuccess" name="test_predict_success_moose" time="0.042" /><testcase classname="backend.tests.test_legal_time_predictive_apis.TestPredictiveEngineActivity" name="test_activity_level" time="0.077" /><testcase classname="backend.tests.test_legal_time_predictive_apis.TestPredictiveEngineFactors" name="test_success_factors" time="0.036" /><testcase classname="backend.tests.test_legal_time_predictive_apis.TestPredictiveEngineTimeline" name="test_activity_timeline" time="0.044" /><testcase classname="backend.tests.test_legal_time_predictive_apis.TestLegalTimeIntegration" name="test_optimal_times_within_legal_window" time="0.081" /><testcase classname="backend.tests.test_legal_time_predictive_apis.TestLegalTimeIntegration" name="test_timeline_legal_hours_match" time="0.095" /></testsuite></testsuites>