<?xml version="1.0" encoding="utf-8"?><testsuites name="pytest tests"><testsuite name="pytest" errors="0" failures="0" skipped="0" tests="18" time="1.482" timestamp="2026-02-10T12:24:47.373916+00:00" hostname="agent-env-601db92c-7609-49d4-af44-503607d1c807"><testcase classname="tests.test_p4_geolocation.TestGeolocationInfo" name="test_geolocation_info_endpoint" time="0.118" /><testcase classname="tests.test_p4_geolocation.TestTrackingStatus" name="test_tracking_status_endpoint" time="0.058" /><testcase classname="tests.test_p4_geolocation.TestTrackingSession" name="test_start_tracking_session" time="0.046" /><testcase classname="tests.test_p4_geolocation.TestTrackingSession" name="test_end_tracking_session" time="0.098" /><testcase classname="tests.test_p4_geolocation.TestTrackingSession" name="test_end_nonexistent_session" time="0.044" /><testcase classname="tests.test_p4_geolocation.TestLocationRecording" name="test_record_location" time="0.046" /><testcase classname="tests.test_p4_geolocation.TestLocationRecording" name="test_record_location_minimal" time="0.048" /><testcase classname="tests.test_p4_geolocation.TestLocationRecording" name="test_record_location_invalid_coordinates" time="0.041" /><testcase classname="tests.test_p4_geolocation.TestLocationHistory" name="test_get_location_history" time="0.039" /><testcase classname="tests.test_p4_geolocation.TestLocationHistory" name="test_get_location_history_with_limit" time="0.049" /><testcase classname="tests.test_p4_geolocation.TestProximityAlerts" name="test_check_proximity" time="0.050" /><testcase classname="tests.test_p4_geolocation.TestProximityAlerts" name="test_check_proximity_far_location" time="0.044" /><testcase classname="tests.test_p4_geolocation.TestNearbyHotspots" name="test_get_nearby_hotspots" time="0.044" /><testcase classname="tests.test_p4_geolocation.TestNearbyHotspots" name="test_get_nearby_hotspots_small_radius" time="0.046" /><testcase classname="tests.test_p4_geolocation.TestPushSubscription" name="test_subscribe_push" time="0.069" /><testcase classname="tests.test_p4_geolocation.TestPushSubscription" name="test_unsubscribe_push" time="0.041" /><testcase classname="tests.test_p4_geolocation.TestPushNotification" name="test_send_notification" time="0.110" /><testcase classname="tests.test_p4_geolocation.TestIntegrationFlow" name="test_complete_tracking_flow" time="0.379" /></testsuite></testsuites>