<?xml version="1.0" encoding="utf-8"?><testsuites name="pytest tests"><testsuite name="pytest" errors="0" failures="0" skipped="0" tests="13" time="1.319" timestamp="2026-02-10T19:05:43.281670+00:00" hostname="agent-env-75afe110-4152-49af-837a-cb0b71d88208"><testcase classname="tests.test_unified_waypoints_api.TestUnifiedWaypointsAPI" name="test_api_health" time="0.057" /><testcase classname="tests.test_unified_waypoints_api.TestUnifiedWaypointsAPI" name="test_list_waypoints_success" time="0.046" /><testcase classname="tests.test_unified_waypoints_api.TestUnifiedWaypointsAPI" name="test_list_waypoints_contains_migrated_data" time="0.042" /><testcase classname="tests.test_unified_waypoints_api.TestUnifiedWaypointsAPI" name="test_create_waypoint_success" time="0.124" /><testcase classname="tests.test_unified_waypoints_api.TestUnifiedWaypointsAPI" name="test_create_waypoint_all_types" time="0.221" /><testcase classname="tests.test_unified_waypoints_api.TestUnifiedWaypointsAPI" name="test_create_waypoint_with_optional_fields" time="0.082" /><testcase classname="tests.test_unified_waypoints_api.TestUnifiedWaypointsAPI" name="test_delete_waypoint_success" time="0.151" /><testcase classname="tests.test_unified_waypoints_api.TestUnifiedWaypointsAPI" name="test_delete_waypoint_not_found" time="0.040" /><testcase classname="tests.test_unified_waypoints_api.TestUnifiedWaypointsAPI" name="test_delete_waypoint_wrong_user" time="0.154" /><testcase classname="tests.test_unified_waypoints_api.TestUnifiedWaypointsAPI" name="test_waypoint_user_isolation" time="0.110" /><testcase classname="tests.test_unified_waypoints_api.TestWaypointDataIntegrity" name="test_waypoint_coordinates_precision" time="0.069" /><testcase classname="tests.test_unified_waypoints_api.TestWaypointDataIntegrity" name="test_waypoint_created_at_timestamp" time="0.074" /><testcase classname="tests.test_unified_waypoints_api.TestWaypointDataIntegrity" name="test_waypoint_id_is_uuid" time="0.080" /></testsuite></testsuites>