<?xml version="1.0" encoding="utf-8"?><testsuites name="pytest tests"><testsuite name="pytest" errors="0" failures="4" skipped="0" tests="23" time="2.111" timestamp="2026-02-09T21:32:06.826448+00:00" hostname="agent-env-6c76dbcd-8a88-45ba-a855-dc043c18026a"><testcase classname="tests.test_huntiq_v3_apis.TestAPIHealth" name="test_api_root" time="0.994" /><testcase classname="tests.test_huntiq_v3_apis.TestAPIHealth" name="test_modules_status" time="0.036" /><testcase classname="tests.test_huntiq_v3_apis.TestWeatherEngine" name="test_weather_engine_info" time="0.040" /><testcase classname="tests.test_huntiq_v3_apis.TestWeatherEngine" name="test_weather_score_calculation" time="0.079" /><testcase classname="tests.test_huntiq_v3_apis.TestWeatherEngine" name="test_weather_optimal_conditions" time="0.041" /><testcase classname="tests.test_huntiq_v3_apis.TestWeatherEngine" name="test_weather_moon_phase" time="0.038" /><testcase classname="tests.test_huntiq_v3_apis.TestWeatherEngine" name="test_weather_best_times" time="0.039" /><testcase classname="tests.test_huntiq_v3_apis.TestRecommendationEngine" name="test_recommendation_engine_info" time="0.042" /><testcase classname="tests.test_huntiq_v3_apis.TestRecommendationEngine" name="test_product_recommendations" time="0.042" /><testcase classname="tests.test_huntiq_v3_apis.TestRecommendationEngine" name="test_strategy_recommendations" time="0.039" /><testcase classname="tests.test_huntiq_v3_apis.TestRecommendationEngine" name="test_contextual_recommendations" time="0.042" /><testcase classname="tests.test_huntiq_v3_apis.TestWildlifeEngine" name="test_wildlife_engine_info" time="0.036" /><testcase classname="tests.test_huntiq_v3_apis.TestWildlifeEngine" name="test_predict_activity" time="0.040" /><testcase classname="tests.test_huntiq_v3_apis.TestWildlifeEngine" name="test_species_list" time="0.037" /><testcase classname="tests.test_huntiq_v3_apis.TestScoringEngine" name="test_scoring_engine_info" time="0.037" /><testcase classname="tests.test_huntiq_v3_apis.TestScoringEngine" name="test_calculate_score" time="0.037" /><testcase classname="tests.test_huntiq_v3_apis.TestScoringEngine" name="test_scoring_criteria" time="0.038" /><testcase classname="tests.test_huntiq_v3_apis.TestNutritionEngine" name="test_nutrition_engine_info" time="0.039" /><testcase classname="tests.test_huntiq_v3_apis.TestNutritionEngine" name="test_analyze_product" time="0.039"><failure message="assert 422 == 200&#10; +  where 422 = &lt;Response [422]&gt;.status_code">tests/test_huntiq_v3_apis.py:273: in test_analyze_product
    assert response.status_code == 200
E   assert 422 == 200
E    +  where 422 = &lt;Response [422]&gt;.status_code</failure></testcase><testcase classname="tests.test_huntiq_v3_apis.TestPredictiveEngine" name="test_predictive_engine_info" time="0.037"><failure message="assert 404 == 200&#10; +  where 404 = &lt;Response [404]&gt;.status_code">tests/test_huntiq_v3_apis.py:289: in test_predictive_engine_info
    assert response.status_code == 200
E   assert 404 == 200
E    +  where 404 = &lt;Response [404]&gt;.status_code</failure></testcase><testcase classname="tests.test_huntiq_v3_apis.TestPredictiveEngine" name="test_predict_success" time="0.036"><failure message="assert 404 == 200&#10; +  where 404 = &lt;Response [404]&gt;.status_code">tests/test_huntiq_v3_apis.py:304: in test_predict_success
    assert response.status_code == 200
E   assert 404 == 200
E    +  where 404 = &lt;Response [404]&gt;.status_code</failure></testcase><testcase classname="tests.test_huntiq_v3_apis.TestIntegrationFlow" name="test_dashboard_data_flow" time="0.113" /><testcase classname="tests.test_huntiq_v3_apis.TestIntegrationFlow" name="test_plan_maitre_data_flow" time="0.072"><failure message="assert 404 == 200&#10; +  where 404 = &lt;Response [404]&gt;.status_code">tests/test_huntiq_v3_apis.py:359: in test_plan_maitre_data_flow
    assert pred_response.status_code == 200
E   assert 404 == 200
E    +  where 404 = &lt;Response [404]&gt;.status_code</failure></testcase></testsuite></testsuites>