<?xml version="1.0" encoding="utf-8"?><testsuites name="pytest tests"><testsuite name="pytest" errors="0" failures="1" skipped="36" tests="66" time="1.691" timestamp="2026-02-11T12:47:11.934043+00:00" hostname="agent-env-e2fbd1ee-3237-435c-b78d-0fcb0fc311b9"><testcase classname="backend.tests.test_business_security.TestProductsSecurityNoAuth" name="test_create_product_no_auth" time="0.161" /><testcase classname="backend.tests.test_business_security.TestProductsSecurityNoAuth" name="test_update_product_no_auth" time="0.040" /><testcase classname="backend.tests.test_business_security.TestProductsSecurityNoAuth" name="test_delete_product_no_auth" time="0.041" /><testcase classname="backend.tests.test_business_security.TestProductsSecurityHunter" name="test_create_product_hunter" time="0.046"><skipped type="pytest.skip" message="Could not get hunter token">/app/backend/tests/test_business_security.py:122: Could not get hunter token</skipped></testcase><testcase classname="backend.tests.test_business_security.TestProductsSecurityHunter" name="test_update_product_hunter" time="0.000"><skipped type="pytest.skip" message="Could not get hunter token">/app/backend/tests/test_business_security.py:131: Could not get hunter token</skipped></testcase><testcase classname="backend.tests.test_business_security.TestProductsSecurityHunter" name="test_delete_product_hunter" time="0.000"><skipped type="pytest.skip" message="Could not get hunter token">/app/backend/tests/test_business_security.py:140: Could not get hunter token</skipped></testcase><testcase classname="backend.tests.test_business_security.TestProductsSecurityBusiness" name="test_create_product_business" time="0.081"><skipped type="pytest.skip" message="Could not get business token">/app/backend/tests/test_business_security.py:150: Could not get business token</skipped></testcase><testcase classname="backend.tests.test_business_security.TestProductsSecurityBusiness" name="test_update_product_business" time="0.000"><skipped type="pytest.skip" message="Could not get business token">/app/backend/tests/test_business_security.py:165: Could not get business token</skipped></testcase><testcase classname="backend.tests.test_business_security.TestProductsSecurityBusiness" name="test_delete_product_business" time="0.000"><skipped type="pytest.skip" message="Could not get business token">/app/backend/tests/test_business_security.py:175: Could not get business token</skipped></testcase><testcase classname="backend.tests.test_business_security.TestProductsSecurityAdmin" name="test_create_product_admin" time="0.041"><skipped type="pytest.skip" message="Could not get admin token">/app/backend/tests/test_business_security.py:186: Could not get admin token</skipped></testcase><testcase classname="backend.tests.test_business_security.TestOrdersSecurityNoAuth" name="test_get_orders_no_auth" time="0.041" /><testcase classname="backend.tests.test_business_security.TestOrdersSecurityNoAuth" name="test_get_order_detail_no_auth" time="0.043" /><testcase classname="backend.tests.test_business_security.TestOrdersSecurityNoAuth" name="test_update_order_no_auth" time="0.039" /><testcase classname="backend.tests.test_business_security.TestOrdersSecurityNoAuth" name="test_cancel_order_no_auth" time="0.041" /><testcase classname="backend.tests.test_business_security.TestOrdersSecurityNoAuth" name="test_get_commissions_no_auth" time="0.038" /><testcase classname="backend.tests.test_business_security.TestOrdersSecurityNoAuth" name="test_pay_commission_no_auth" time="0.038" /><testcase classname="backend.tests.test_business_security.TestOrdersSecurityHunter" name="test_get_orders_hunter" time="0.000"><skipped type="pytest.skip" message="Could not get hunter token">/app/backend/tests/test_business_security.py:248: Could not get hunter token</skipped></testcase><testcase classname="backend.tests.test_business_security.TestOrdersSecurityHunter" name="test_get_order_detail_hunter" time="0.000"><skipped type="pytest.skip" message="Could not get hunter token">/app/backend/tests/test_business_security.py:254: Could not get hunter token</skipped></testcase><testcase classname="backend.tests.test_business_security.TestOrdersSecurityHunter" name="test_update_order_hunter" time="0.000"><skipped type="pytest.skip" message="Could not get hunter token">/app/backend/tests/test_business_security.py:260: Could not get hunter token</skipped></testcase><testcase classname="backend.tests.test_business_security.TestOrdersSecurityHunter" name="test_cancel_order_hunter" time="0.000"><skipped type="pytest.skip" message="Could not get hunter token">/app/backend/tests/test_business_security.py:269: Could not get hunter token</skipped></testcase><testcase classname="backend.tests.test_business_security.TestOrdersSecurityHunter" name="test_get_commissions_hunter" time="0.000"><skipped type="pytest.skip" message="Could not get hunter token">/app/backend/tests/test_business_security.py:278: Could not get hunter token</skipped></testcase><testcase classname="backend.tests.test_business_security.TestOrdersSecurityHunter" name="test_pay_commission_hunter" time="0.000"><skipped type="pytest.skip" message="Could not get hunter token">/app/backend/tests/test_business_security.py:284: Could not get hunter token</skipped></testcase><testcase classname="backend.tests.test_business_security.TestOrdersSecurityBusiness" name="test_get_orders_business" time="0.000"><skipped type="pytest.skip" message="Could not get business token">/app/backend/tests/test_business_security.py:294: Could not get business token</skipped></testcase><testcase classname="backend.tests.test_business_security.TestOrdersSecurityBusiness" name="test_get_commissions_business" time="0.000"><skipped type="pytest.skip" message="Could not get business token">/app/backend/tests/test_business_security.py:300: Could not get business token</skipped></testcase><testcase classname="backend.tests.test_business_security.TestOrdersSecurityAdmin" name="test_get_orders_admin" time="0.000"><skipped type="pytest.skip" message="Could not get admin token">/app/backend/tests/test_business_security.py:310: Could not get admin token</skipped></testcase><testcase classname="backend.tests.test_business_security.TestSuppliersSecurityNoAuth" name="test_get_suppliers_no_auth" time="0.030" /><testcase classname="backend.tests.test_business_security.TestSuppliersSecurityNoAuth" name="test_get_supplier_detail_no_auth" time="0.037" /><testcase classname="backend.tests.test_business_security.TestSuppliersSecurityNoAuth" name="test_create_supplier_no_auth" time="0.041" /><testcase classname="backend.tests.test_business_security.TestSuppliersSecurityNoAuth" name="test_update_supplier_no_auth" time="0.037" /><testcase classname="backend.tests.test_business_security.TestSuppliersSecurityNoAuth" name="test_delete_supplier_no_auth" time="0.044" /><testcase classname="backend.tests.test_business_security.TestSuppliersSecurityHunter" name="test_get_suppliers_hunter" time="0.000"><skipped type="pytest.skip" message="Could not get hunter token">/app/backend/tests/test_business_security.py:359: Could not get hunter token</skipped></testcase><testcase classname="backend.tests.test_business_security.TestSuppliersSecurityHunter" name="test_get_supplier_detail_hunter" time="0.000"><skipped type="pytest.skip" message="Could not get hunter token">/app/backend/tests/test_business_security.py:365: Could not get hunter token</skipped></testcase><testcase classname="backend.tests.test_business_security.TestSuppliersSecurityHunter" name="test_create_supplier_hunter" time="0.000"><skipped type="pytest.skip" message="Could not get hunter token">/app/backend/tests/test_business_security.py:371: Could not get hunter token</skipped></testcase><testcase classname="backend.tests.test_business_security.TestSuppliersSecurityHunter" name="test_update_supplier_hunter" time="0.000"><skipped type="pytest.skip" message="Could not get hunter token">/app/backend/tests/test_business_security.py:380: Could not get hunter token</skipped></testcase><testcase classname="backend.tests.test_business_security.TestSuppliersSecurityHunter" name="test_delete_supplier_hunter" time="0.000"><skipped type="pytest.skip" message="Could not get hunter token">/app/backend/tests/test_business_security.py:389: Could not get hunter token</skipped></testcase><testcase classname="backend.tests.test_business_security.TestSuppliersSecurityBusiness" name="test_get_suppliers_business" time="0.000"><skipped type="pytest.skip" message="Could not get business token">/app/backend/tests/test_business_security.py:399: Could not get business token</skipped></testcase><testcase classname="backend.tests.test_business_security.TestCustomersSecurityNoAuth" name="test_get_customers_no_auth" time="0.036" /><testcase classname="backend.tests.test_business_security.TestCustomersSecurityNoAuth" name="test_get_customer_detail_no_auth" time="0.039" /><testcase classname="backend.tests.test_business_security.TestCustomersSecurityNoAuth" name="test_update_customer_no_auth" time="0.039" /><testcase classname="backend.tests.test_business_security.TestCustomersSecurityHunter" name="test_get_customers_hunter" time="0.000"><skipped type="pytest.skip" message="Could not get hunter token">/app/backend/tests/test_business_security.py:435: Could not get hunter token</skipped></testcase><testcase classname="backend.tests.test_business_security.TestCustomersSecurityHunter" name="test_get_customer_detail_hunter" time="0.000"><skipped type="pytest.skip" message="Could not get hunter token">/app/backend/tests/test_business_security.py:441: Could not get hunter token</skipped></testcase><testcase classname="backend.tests.test_business_security.TestCustomersSecurityHunter" name="test_update_customer_hunter" time="0.000"><skipped type="pytest.skip" message="Could not get hunter token">/app/backend/tests/test_business_security.py:447: Could not get hunter token</skipped></testcase><testcase classname="backend.tests.test_business_security.TestCustomersSecurityBusiness" name="test_get_customers_business" time="0.000"><skipped type="pytest.skip" message="Could not get business token">/app/backend/tests/test_business_security.py:460: Could not get business token</skipped></testcase><testcase classname="backend.tests.test_business_security.TestAffiliateSecurityNoAuth" name="test_get_affiliate_stats_no_auth" time="0.035" /><testcase classname="backend.tests.test_business_security.TestAffiliateSecurityNoAuth" name="test_get_affiliate_clicks_no_auth" time="0.036" /><testcase classname="backend.tests.test_business_security.TestAffiliateSecurityNoAuth" name="test_confirm_affiliate_sale_no_auth" time="0.036" /><testcase classname="backend.tests.test_business_security.TestAffiliateSecurityHunter" name="test_get_affiliate_stats_hunter" time="0.000"><skipped type="pytest.skip" message="Could not get hunter token">/app/backend/tests/test_business_security.py:496: Could not get hunter token</skipped></testcase><testcase classname="backend.tests.test_business_security.TestAffiliateSecurityHunter" name="test_get_affiliate_clicks_hunter" time="0.000"><skipped type="pytest.skip" message="Could not get hunter token">/app/backend/tests/test_business_security.py:502: Could not get hunter token</skipped></testcase><testcase classname="backend.tests.test_business_security.TestAffiliateSecurityHunter" name="test_confirm_affiliate_sale_hunter" time="0.000"><skipped type="pytest.skip" message="Could not get hunter token">/app/backend/tests/test_business_security.py:508: Could not get hunter token</skipped></testcase><testcase classname="backend.tests.test_business_security.TestAffiliateSecurityBusiness" name="test_get_affiliate_stats_business" time="0.000"><skipped type="pytest.skip" message="Could not get business token">/app/backend/tests/test_business_security.py:521: Could not get business token</skipped></testcase><testcase classname="backend.tests.test_business_security.TestAffiliateSecurityBusiness" name="test_get_affiliate_clicks_business" time="0.000"><skipped type="pytest.skip" message="Could not get business token">/app/backend/tests/test_business_security.py:527: Could not get business token</skipped></testcase><testcase classname="backend.tests.test_business_security.TestPublicEndpoints" name="test_get_products_public" time="0.040"><failure message="AssertionError: Products list should be public, got 520&#10;assert 520 == 200&#10; +  where 520 = &lt;Response [520]&gt;.status_code">backend/tests/test_business_security.py:544: in test_get_products_public
    assert response.status_code == 200, f"Products list should be public, got {response.status_code}"
E   AssertionError: Products list should be public, got 520
E   assert 520 == 200
E    +  where 520 = &lt;Response [520]&gt;.status_code</failure></testcase><testcase classname="backend.tests.test_business_security.TestPublicEndpoints" name="test_create_order_public" time="0.037" /><testcase classname="backend.tests.test_business_security.TestPublicEndpoints" name="test_affiliate_click_public" time="0.043" /><testcase classname="backend.tests.test_business_security.TestPublicEndpoints" name="test_products_health_public" time="0.043" /><testcase classname="backend.tests.test_business_security.TestPublicEndpoints" name="test_orders_health_public" time="0.040" /><testcase classname="backend.tests.test_business_security.TestPublicEndpoints" name="test_suppliers_health_public" time="0.040" /><testcase classname="backend.tests.test_business_security.TestPublicEndpoints" name="test_customers_health_public" time="0.051" /><testcase classname="backend.tests.test_business_security.TestPublicEndpoints" name="test_affiliate_health_public" time="0.038" /><testcase classname="backend.tests.test_business_security.TestPublicEndpoints" name="test_customer_create_public" time="0.097" /><testcase classname="backend.tests.test_business_security.TestPublicEndpoints" name="test_customer_by_session_public" time="0.040" /><testcase classname="backend.tests.test_business_security.TestAdminAccessToBusinessEndpoints" name="test_admin_get_orders" time="0.000"><skipped type="pytest.skip" message="Could not get admin token">/app/backend/tests/test_business_security.py:617: Could not get admin token</skipped></testcase><testcase classname="backend.tests.test_business_security.TestAdminAccessToBusinessEndpoints" name="test_admin_get_suppliers" time="0.000"><skipped type="pytest.skip" message="Could not get admin token">/app/backend/tests/test_business_security.py:623: Could not get admin token</skipped></testcase><testcase classname="backend.tests.test_business_security.TestAdminAccessToBusinessEndpoints" name="test_admin_get_customers" time="0.000"><skipped type="pytest.skip" message="Could not get admin token">/app/backend/tests/test_business_security.py:629: Could not get admin token</skipped></testcase><testcase classname="backend.tests.test_business_security.TestAdminAccessToBusinessEndpoints" name="test_admin_get_affiliate_stats" time="0.000"><skipped type="pytest.skip" message="Could not get admin token">/app/backend/tests/test_business_security.py:635: Could not get admin token</skipped></testcase><testcase classname="backend.tests.test_business_security.TestAdminAccessToBusinessEndpoints" name="test_admin_get_commissions" time="0.000"><skipped type="pytest.skip" message="Could not get admin token">/app/backend/tests/test_business_security.py:641: Could not get admin token</skipped></testcase></testsuite></testsuites>