<?xml version="1.0" encoding="utf-8"?><testsuites name="pytest tests"><testsuite name="pytest" errors="0" failures="0" skipped="0" tests="20" time="24.512" timestamp="2026-02-10T01:51:44.244915+00:00" hostname="agent-env-39c340ff-e79e-46d0-aa6b-e26b035f884f"><testcase classname="backend.tests.test_p3_features.TestAnalyticsEngine" name="test_analytics_dashboard" time="0.096" /><testcase classname="backend.tests.test_p3_features.TestAnalyticsEngine" name="test_analytics_overview" time="0.043" /><testcase classname="backend.tests.test_p3_features.TestAnalyticsEngine" name="test_analytics_species_breakdown" time="0.039" /><testcase classname="backend.tests.test_p3_features.TestAnalyticsEngine" name="test_analytics_weather_analysis" time="0.043" /><testcase classname="backend.tests.test_p3_features.TestAnalyticsEngine" name="test_analytics_optimal_times" time="0.045" /><testcase classname="backend.tests.test_p3_features.TestAnalyticsEngine" name="test_analytics_monthly_trends" time="0.043" /><testcase classname="backend.tests.test_p3_features.TestAnalyticsEngine" name="test_analytics_time_range_filter" time="0.224" /><testcase classname="backend.tests.test_p3_features.TestWaypointScoringEngine" name="test_wqs_all_waypoints" time="0.042" /><testcase classname="backend.tests.test_p3_features.TestWaypointScoringEngine" name="test_wqs_ranking" time="0.045" /><testcase classname="backend.tests.test_p3_features.TestWaypointScoringEngine" name="test_success_forecast_quick" time="0.045" /><testcase classname="backend.tests.test_p3_features.TestWaypointScoringEngine" name="test_success_forecast_with_params" time="0.042" /><testcase classname="backend.tests.test_p3_features.TestWaypointScoringEngine" name="test_heatmap_data" time="0.040" /><testcase classname="backend.tests.test_p3_features.TestAIRecommendations" name="test_ai_recommendations" time="0.044" /><testcase classname="backend.tests.test_p3_features.TestAIRecommendations" name="test_ai_gpt_recommendation" time="5.171" /><testcase classname="backend.tests.test_p3_features.TestAIRecommendations" name="test_ai_daily_briefing" time="13.661" /><testcase classname="backend.tests.test_p3_features.TestAIRecommendations" name="test_ai_recommendation_with_weather" time="4.635" /><testcase classname="backend.tests.test_p3_features.TestPWAAssets" name="test_manifest_json" time="0.038" /><testcase classname="backend.tests.test_p3_features.TestPWAAssets" name="test_offline_html" time="0.039" /><testcase classname="backend.tests.test_p3_features.TestModuleStatus" name="test_p3_modules_registered" time="0.036" /><testcase classname="backend.tests.test_p3_features.TestUserWaypoints" name="test_get_waypoints" time="0.041" /></testsuite></testsuites>