<?xml version="1.0" encoding="utf-8"?><testsuites name="pytest tests"><testsuite name="pytest" errors="0" failures="1" skipped="0" tests="19" time="1.056" timestamp="2026-02-09T22:03:16.048628+00:00" hostname="agent-env-5de2a9d9-9e97-4516-98f8-dadb1f1f7069"><testcase classname="backend.tests.test_legal_time_predictive_apis.TestLegalTimeEngineInfo" name="test_legal_time_info" time="0.109" /><testcase classname="backend.tests.test_legal_time_predictive_apis.TestLegalTimeEngineSunTimes" name="test_sun_times_default" time="0.039" /><testcase classname="backend.tests.test_legal_time_predictive_apis.TestLegalTimeEngineSunTimes" name="test_sun_times_with_date" time="0.044" /><testcase classname="backend.tests.test_legal_time_predictive_apis.TestLegalTimeEngineSunTimes" name="test_sun_times_invalid_date" time="0.042" /><testcase classname="backend.tests.test_legal_time_predictive_apis.TestLegalTimeEngineLegalWindow" name="test_legal_window_default" time="0.041" /><testcase classname="backend.tests.test_legal_time_predictive_apis.TestLegalTimeEngineLegalWindow" name="test_legal_window_30min_rule" time="0.035" /><testcase classname="backend.tests.test_legal_time_predictive_apis.TestLegalTimeEngineCheck" name="test_check_legal_now" time="0.041" /><testcase classname="backend.tests.test_legal_time_predictive_apis.TestLegalTimeEngineRecommendedSlots" name="test_recommended_slots" time="0.039" /><testcase classname="backend.tests.test_legal_time_predictive_apis.TestLegalTimeEngineSchedule" name="test_daily_schedule" time="0.038" /><testcase classname="backend.tests.test_legal_time_predictive_apis.TestLegalTimeEngineForecast" name="test_forecast_7_days" time="0.044" /><testcase classname="backend.tests.test_legal_time_predictive_apis.TestLegalTimeEngineForecast" name="test_forecast_max_days" time="0.043" /><testcase classname="backend.tests.test_legal_time_predictive_apis.TestPredictiveEngineInfo" name="test_predictive_info" time="0.038" /><testcase classname="backend.tests.test_legal_time_predictive_apis.TestPredictiveEngineSuccess" name="test_predict_success_deer" time="0.039" /><testcase classname="backend.tests.test_legal_time_predictive_apis.TestPredictiveEngineSuccess" name="test_predict_success_moose" time="0.079" /><testcase classname="backend.tests.test_legal_time_predictive_apis.TestPredictiveEngineActivity" name="test_activity_level" time="0.038" /><testcase classname="backend.tests.test_legal_time_predictive_apis.TestPredictiveEngineFactors" name="test_success_factors" time="0.037" /><testcase classname="backend.tests.test_legal_time_predictive_apis.TestPredictiveEngineTimeline" name="test_activity_timeline" time="0.042" /><testcase classname="backend.tests.test_legal_time_predictive_apis.TestLegalTimeIntegration" name="test_optimal_times_within_legal_window" time="0.075" /><testcase classname="backend.tests.test_legal_time_predictive_apis.TestLegalTimeIntegration" name="test_timeline_legal_hours_match" time="0.074"><failure message="AssertionError: Hour 6 should be legal&#10;assert False is True">backend/tests/test_legal_time_predictive_apis.py:451: in test_timeline_legal_hours_match
    assert is_legal is True, f"Hour {hour} should be legal"
E   AssertionError: Hour 6 should be legal
E   assert False is True</failure></testcase></testsuite></testsuites>