<?xml version="1.0" encoding="utf-8"?><testsuites name="pytest tests"><testsuite name="pytest" errors="0" failures="0" skipped="0" tests="25" time="5.871" timestamp="2026-02-10T12:56:17.032091+00:00" hostname="agent-env-601db92c-7609-49d4-af44-503607d1c807"><testcase classname="tests.test_auth_engine.TestAuthEngineInfo" name="test_auth_info_endpoint" time="0.084" /><testcase classname="tests.test_auth_engine.TestUserRegistration" name="test_register_new_user" time="0.291" /><testcase classname="tests.test_auth_engine.TestUserRegistration" name="test_register_duplicate_email" time="0.309" /><testcase classname="tests.test_auth_engine.TestUserRegistration" name="test_register_invalid_email" time="0.045" /><testcase classname="tests.test_auth_engine.TestUserRegistration" name="test_register_short_password" time="0.037" /><testcase classname="tests.test_auth_engine.TestUserLogin" name="test_login_success" time="0.527" /><testcase classname="tests.test_auth_engine.TestUserLogin" name="test_login_wrong_password" time="0.536" /><testcase classname="tests.test_auth_engine.TestUserLogin" name="test_login_nonexistent_user" time="0.310" /><testcase classname="tests.test_auth_engine.TestUserLogin" name="test_login_with_remember_device" time="0.553" /><testcase classname="tests.test_auth_engine.TestTokenVerification" name="test_get_me_with_bearer_token" time="0.345" /><testcase classname="tests.test_auth_engine.TestTokenVerification" name="test_get_me_without_token" time="0.304" /><testcase classname="tests.test_auth_engine.TestTokenVerification" name="test_verify_valid_token" time="0.320" /><testcase classname="tests.test_auth_engine.TestTokenVerification" name="test_verify_invalid_token" time="0.321" /><testcase classname="tests.test_auth_engine.TestLogout" name="test_logout_with_token" time="0.312" /><testcase classname="tests.test_auth_engine.TestIPInfo" name="test_ip_info_endpoint" time="0.042" /><testcase classname="tests.test_auth_engine.TestGoogleOAuthCallback" name="test_google_callback_invalid_session" time="0.147" /><testcase classname="tests.test_auth_engine.TestFallbackAuth" name="test_analytics_dashboard_without_auth" time="0.065" /><testcase classname="tests.test_auth_engine.TestFallbackAuth" name="test_analytics_overview_without_auth" time="0.040" /><testcase classname="tests.test_auth_engine.TestFallbackAuth" name="test_geolocation_tracking_status_without_auth" time="0.045" /><testcase classname="tests.test_auth_engine.TestFallbackAuth" name="test_waypoint_scoring_wqs_without_auth" time="0.059" /><testcase classname="tests.test_auth_engine.TestFallbackAuth" name="test_geolocation_info_without_auth" time="0.045" /><testcase classname="tests.test_auth_engine.TestAuthenticatedEndpoints" name="test_analytics_with_auth" time="0.341" /><testcase classname="tests.test_auth_engine.TestAuthenticatedEndpoints" name="test_geolocation_session_with_auth" time="0.304" /><testcase classname="tests.test_auth_engine.TestAuthenticatedEndpoints" name="test_waypoint_scoring_with_auth" time="0.350" /><testcase classname="tests.test_auth_engine.TestVAPIDConfiguration" name="test_vapid_public_key_in_geolocation" time="0.037" /></testsuite></testsuites>