<?xml version="1.0" encoding="utf-8"?><testsuites name="pytest tests"><testsuite name="pytest" errors="0" failures="2" skipped="0" tests="30" time="2.452" timestamp="2026-02-11T04:29:35.672592+00:00" hostname="agent-env-e2fbd1ee-3237-435c-b78d-0fcb0fc311b9"><testcase classname="tests.test_admin_security_p0_p1.TestAdminSecurityP0" name="test_admin_endpoint_returns_401_without_auth[GET-/api/admin/geo/all]" time="0.071" /><testcase classname="tests.test_admin_security_p0_p1.TestAdminSecurityP0" name="test_admin_endpoint_returns_401_without_auth[GET-/api/admin/geo/hotspots]" time="0.037" /><testcase classname="tests.test_admin_security_p0_p1.TestAdminSecurityP0" name="test_admin_endpoint_returns_401_without_auth[GET-/api/admin/geo/corridors]" time="0.039" /><testcase classname="tests.test_admin_security_p0_p1.TestAdminSecurityP0" name="test_admin_endpoint_returns_401_without_auth[GET-/api/admin/geo/analytics/overview]" time="0.038" /><testcase classname="tests.test_admin_security_p0_p1.TestAdminSecurityP0" name="test_admin_endpoint_returns_401_without_auth[GET-/api/admin/geo/analytics/heatmap]" time="0.034" /><testcase classname="tests.test_admin_security_p0_p1.TestAdminSecurityP0" name="test_admin_endpoint_returns_401_without_auth[GET-/api/admin/geo/monetization/available-hotspots]" time="0.035" /><testcase classname="tests.test_admin_security_p0_p1.TestAdminSecurityP0" name="test_admin_endpoint_returns_401_without_auth[GET-/api/admin/geo/export/geojson]" time="0.035" /><testcase classname="tests.test_admin_security_p0_p1.TestAdminSecurityP0" name="test_admin_endpoint_returns_401_without_auth[GET-/api/admin/geo/]" time="0.033"><failure message="AssertionError: GET /api/admin/geo/ should return 401 without auth, got 200&#10;assert 200 == 401&#10; +  where 200 = &lt;Response [200]&gt;.status_code">tests/test_admin_security_p0_p1.py:97: in test_admin_endpoint_returns_401_without_auth
    assert response.status_code == 401, \
E   AssertionError: GET /api/admin/geo/ should return 401 without auth, got 200
E   assert 200 == 401
E    +  where 200 = &lt;Response [200]&gt;.status_code</failure></testcase><testcase classname="tests.test_admin_security_p0_p1.TestAdminSecurityP0" name="test_admin_endpoint_returns_403_for_hunter[GET-/api/admin/geo/all]" time="0.357" /><testcase classname="tests.test_admin_security_p0_p1.TestAdminSecurityP0" name="test_admin_endpoint_returns_403_for_hunter[GET-/api/admin/geo/hotspots]" time="0.033" /><testcase classname="tests.test_admin_security_p0_p1.TestAdminSecurityP0" name="test_admin_endpoint_returns_403_for_hunter[GET-/api/admin/geo/corridors]" time="0.033" /><testcase classname="tests.test_admin_security_p0_p1.TestAdminSecurityP0" name="test_admin_endpoint_returns_403_for_hunter[GET-/api/admin/geo/analytics/overview]" time="0.037" /><testcase classname="tests.test_admin_security_p0_p1.TestAdminSecurityP0" name="test_admin_endpoint_returns_403_for_hunter[GET-/api/admin/geo/analytics/heatmap]" time="0.037" /><testcase classname="tests.test_admin_security_p0_p1.TestAdminSecurityP0" name="test_admin_endpoint_returns_403_for_hunter[GET-/api/admin/geo/monetization/available-hotspots]" time="0.038" /><testcase classname="tests.test_admin_security_p0_p1.TestAdminSecurityP0" name="test_admin_endpoint_returns_403_for_hunter[GET-/api/admin/geo/export/geojson]" time="0.036" /><testcase classname="tests.test_admin_security_p0_p1.TestAdminSecurityP0" name="test_admin_endpoint_returns_403_for_hunter[GET-/api/admin/geo/]" time="0.034"><failure message="AssertionError: GET /api/admin/geo/ should return 403 for hunter, got 200&#10;assert 200 == 403&#10; +  where 200 = &lt;Response [200]&gt;.status_code">tests/test_admin_security_p0_p1.py:116: in test_admin_endpoint_returns_403_for_hunter
    assert response.status_code == 403, \
E   AssertionError: GET /api/admin/geo/ should return 403 for hunter, got 200
E   assert 200 == 403
E    +  where 200 = &lt;Response [200]&gt;.status_code</failure></testcase><testcase classname="tests.test_admin_security_p0_p1.TestAdminSecurityP0" name="test_admin_geo_all_works_for_admin" time="0.292" /><testcase classname="tests.test_admin_security_p0_p1.TestAdminSecurityP0" name="test_admin_geo_hotspots_works_for_admin" time="0.041" /><testcase classname="tests.test_admin_security_p0_p1.TestAdminSecurityP0" name="test_admin_geo_analytics_overview_works_for_admin" time="0.073" /><testcase classname="tests.test_admin_security_p0_p1.TestAdminSecurityP0" name="test_admin_geo_corridors_works_for_admin" time="0.033" /><testcase classname="tests.test_admin_security_p0_p1.TestAdminSecurityP0" name="test_admin_geo_module_info_works_for_admin" time="0.037" /><testcase classname="tests.test_admin_security_p0_p1.TestLegacyRouteRemovalP1" name="test_legacy_route_returns_404[GET-/api/user-data/waypoints]" time="0.296" /><testcase classname="tests.test_admin_security_p0_p1.TestLegacyRouteRemovalP1" name="test_legacy_route_returns_404[GET-/api/user/waypoints]" time="0.034" /><testcase classname="tests.test_admin_security_p0_p1.TestLegacyRouteRemovalP1" name="test_legacy_route_returns_404[POST-/api/user-data/waypoints]" time="0.032" /><testcase classname="tests.test_admin_security_p0_p1.TestLegacyRouteRemovalP1" name="test_legacy_route_returns_404[POST-/api/user/waypoints]" time="0.032" /><testcase classname="tests.test_admin_security_p0_p1.TestBackendStartup" name="test_api_root_health" time="0.035" /><testcase classname="tests.test_admin_security_p0_p1.TestBackendStartup" name="test_modules_status" time="0.038" /><testcase classname="tests.test_admin_security_p0_p1.TestAdminHotspotsTab" name="test_hotspots_endpoint_returns_all_categories" time="0.332" /><testcase classname="tests.test_admin_security_p0_p1.TestAdminHotspotsTab" name="test_hotspots_filter_by_category" time="0.116" /><testcase classname="tests.test_admin_security_p0_p1.TestAdminHotspotsTab" name="test_hotspots_filter_by_user" time="0.036" /></testsuite></testsuites>