<?xml version="1.0" encoding="utf-8"?><testsuites name="pytest tests"><testsuite name="pytest" errors="0" failures="0" skipped="0" tests="24" time="1.254" timestamp="2026-02-09T21:33:20.477511+00:00" hostname="agent-env-6c76dbcd-8a88-45ba-a855-dc043c18026a"><testcase classname="tests.test_huntiq_v3_apis.TestAPIHealth" name="test_api_root" time="0.108" /><testcase classname="tests.test_huntiq_v3_apis.TestAPIHealth" name="test_modules_status" time="0.039" /><testcase classname="tests.test_huntiq_v3_apis.TestWeatherEngine" name="test_weather_engine_info" time="0.039" /><testcase classname="tests.test_huntiq_v3_apis.TestWeatherEngine" name="test_weather_score_calculation" time="0.041" /><testcase classname="tests.test_huntiq_v3_apis.TestWeatherEngine" name="test_weather_optimal_conditions" time="0.035" /><testcase classname="tests.test_huntiq_v3_apis.TestWeatherEngine" name="test_weather_moon_phase" time="0.039" /><testcase classname="tests.test_huntiq_v3_apis.TestWeatherEngine" name="test_weather_best_times" time="0.042" /><testcase classname="tests.test_huntiq_v3_apis.TestRecommendationEngine" name="test_recommendation_engine_info" time="0.041" /><testcase classname="tests.test_huntiq_v3_apis.TestRecommendationEngine" name="test_product_recommendations" time="0.040" /><testcase classname="tests.test_huntiq_v3_apis.TestRecommendationEngine" name="test_strategy_recommendations" time="0.037" /><testcase classname="tests.test_huntiq_v3_apis.TestRecommendationEngine" name="test_contextual_recommendations" time="0.040" /><testcase classname="tests.test_huntiq_v3_apis.TestWildlifeEngine" name="test_wildlife_engine_info" time="0.037" /><testcase classname="tests.test_huntiq_v3_apis.TestWildlifeEngine" name="test_predict_activity" time="0.034" /><testcase classname="tests.test_huntiq_v3_apis.TestWildlifeEngine" name="test_species_list" time="0.042" /><testcase classname="tests.test_huntiq_v3_apis.TestScoringEngine" name="test_scoring_engine_info" time="0.036" /><testcase classname="tests.test_huntiq_v3_apis.TestScoringEngine" name="test_calculate_score" time="0.040" /><testcase classname="tests.test_huntiq_v3_apis.TestScoringEngine" name="test_scoring_criteria" time="0.038" /><testcase classname="tests.test_huntiq_v3_apis.TestNutritionEngine" name="test_nutrition_engine_info" time="0.078" /><testcase classname="tests.test_huntiq_v3_apis.TestNutritionEngine" name="test_analyze_ingredients" time="0.044" /><testcase classname="tests.test_huntiq_v3_apis.TestNutritionEngine" name="test_list_ingredients" time="0.039" /><testcase classname="tests.test_huntiq_v3_apis.TestPredictiveEngine" name="test_predictive_endpoint_not_available" time="0.035" /><testcase classname="tests.test_huntiq_v3_apis.TestPredictiveEngine" name="test_wildlife_predict_activity_as_alternative" time="0.034" /><testcase classname="tests.test_huntiq_v3_apis.TestIntegrationFlow" name="test_dashboard_data_flow" time="0.106" /><testcase classname="tests.test_huntiq_v3_apis.TestIntegrationFlow" name="test_plan_maitre_data_flow" time="0.103" /></testsuite></testsuites>