<?xml version="1.0" encoding="utf-8"?><testsuites name="pytest tests"><testsuite name="pytest" errors="0" failures="1" skipped="0" tests="27" time="1.448" timestamp="2026-02-10T20:29:30.109470+00:00" hostname="agent-env-75afe110-4152-49af-837a-cb0b71d88208"><testcase classname="backend.tests.test_geo_engine_v3.TestGeoEngineModuleInfo" name="test_module_info" time="0.061" /><testcase classname="backend.tests.test_geo_engine_v3.TestGeoEntityCRUD" name="test_create_entity_waypoint" time="0.037" /><testcase classname="backend.tests.test_geo_engine_v3.TestGeoEntityCRUD" name="test_create_entity_hotspot" time="0.036"><failure message="AssertionError: assert (None == True or None == 0.72)&#10; +  where None = &lt;built-in method get of dict object at 0xf973a74c2440&gt;('is_auto_generated')&#10; +    where &lt;built-in method get of dict object at 0xf973a74c2440&gt; = {'activity_score': 78.5, 'altitude': 320.0, 'best_time': None, 'corridors': [], ...}.get&#10; +  and   None = &lt;built-in method get of dict object at 0xf973a74c2440&gt;('confidence')&#10; +    where &lt;built-in method get of dict object at 0xf973a74c2440&gt; = {'activity_score': 78.5, 'altitude': 320.0, 'best_time': None, 'corridors': [], ...}.get">backend/tests/test_geo_engine_v3.py:123: in test_create_entity_hotspot
    assert metadata.get("is_auto_generated") == True or metadata.get("confidence") == 0.72
E   AssertionError: assert (None == True or None == 0.72)
E    +  where None = &lt;built-in method get of dict object at 0xf973a74c2440&gt;('is_auto_generated')
E    +    where &lt;built-in method get of dict object at 0xf973a74c2440&gt; = {'activity_score': 78.5, 'altitude': 320.0, 'best_time': None, 'corridors': [], ...}.get
E    +  and   None = &lt;built-in method get of dict object at 0xf973a74c2440&gt;('confidence')
E    +    where &lt;built-in method get of dict object at 0xf973a74c2440&gt; = {'activity_score': 78.5, 'altitude': 320.0, 'best_time': None, 'corridors': [], ...}.get</failure></testcase><testcase classname="backend.tests.test_geo_engine_v3.TestGeoEntityCRUD" name="test_create_entity_zone" time="0.039" /><testcase classname="backend.tests.test_geo_engine_v3.TestGeoEntityCRUD" name="test_list_entities" time="0.046" /><testcase classname="backend.tests.test_geo_engine_v3.TestGeoEntityCRUD" name="test_list_entities_by_type" time="0.042" /><testcase classname="backend.tests.test_geo_engine_v3.TestGeoEntityCRUD" name="test_get_entity_by_id" time="0.041" /><testcase classname="backend.tests.test_geo_engine_v3.TestGeoEntityCRUD" name="test_update_entity" time="0.086" /><testcase classname="backend.tests.test_geo_engine_v3.TestSpatialQueries" name="test_nearby_search" time="0.041" /><testcase classname="backend.tests.test_geo_engine_v3.TestSpatialQueries" name="test_nearby_search_with_type_filter" time="0.041" /><testcase classname="backend.tests.test_geo_engine_v3.TestSpatialQueries" name="test_within_bbox" time="0.038" /><testcase classname="backend.tests.test_geo_engine_v3.TestSpatialQueries" name="test_clusters" time="0.040" /><testcase classname="backend.tests.test_geo_engine_v3.TestHuntingGroups" name="test_create_group" time="0.038" /><testcase classname="backend.tests.test_geo_engine_v3.TestHuntingGroups" name="test_list_groups" time="0.036" /><testcase classname="backend.tests.test_geo_engine_v3.TestHuntingGroups" name="test_add_group_member" time="0.039" /><testcase classname="backend.tests.test_geo_engine_v3.TestHuntingGroups" name="test_remove_group_member" time="0.038" /><testcase classname="backend.tests.test_geo_engine_v3.TestHotspotGeneration" name="test_generate_hotspots" time="0.045" /><testcase classname="backend.tests.test_geo_engine_v3.TestGeoStats" name="test_get_stats" time="0.077" /><testcase classname="backend.tests.test_geo_engine_v3.TestAdminGeoEndpoints" name="test_admin_analytics_overview" time="0.035" /><testcase classname="backend.tests.test_geo_engine_v3.TestAdminGeoEndpoints" name="test_admin_all_entities" time="0.038" /><testcase classname="backend.tests.test_geo_engine_v3.TestAdminGeoEndpoints" name="test_admin_all_entities_filtered" time="0.038" /><testcase classname="backend.tests.test_geo_engine_v3.TestAdminGeoEndpoints" name="test_admin_hotspots" time="0.038" /><testcase classname="backend.tests.test_geo_engine_v3.TestAdminGeoEndpoints" name="test_admin_monetization_available_hotspots" time="0.035" /><testcase classname="backend.tests.test_geo_engine_v3.TestWebSocketSyncStatus" name="test_sync_status" time="0.075" /><testcase classname="backend.tests.test_geo_engine_v3.TestWebSocketSyncStatus" name="test_list_active_groups" time="0.038" /><testcase classname="backend.tests.test_geo_engine_v3.TestMigration" name="test_migration_from_territory_waypoints" time="0.041" /><testcase classname="backend.tests.test_geo_engine_v3.TestCleanup" name="test_cleanup_test_entities" time="0.152" /></testsuite></testsuites>